<?xml version="1.0" encoding="UTF-8"?>
<testng-results ignored="0" total="2" passed="2" failed="0" skipped="0">
  <reporter-output>
    <line>
      <![CDATA[Launching Browser]]>
    </line>
    <line>
      <![CDATA[clicking on gender button]]>
    </line>
    <line>
      <![CDATA[clicking on next button]]>
    </line>
    <line>
      <![CDATA[Handeling age dropdown]]>
    </line>
    <line>
      <![CDATA[Reading data from excelSheet]]>
    </line>
    <line>
      <![CDATA[clicking on next button]]>
    </line>
    <line>
      <![CDATA[Entering pin code]]>
    </line>
    <line>
      <![CDATA[Reading data from excelSheet]]>
    </line>
    <line>
      <![CDATA[Enter]]>
    </line>
    <line>
      <![CDATA[Reading data from excelSheet]]>
    </line>
    <line>
      <![CDATA[Enter]]>
    </line>
    <line>
      <![CDATA[TC validateTestPlansFromTextAndBanners execution is started]]>
    </line>
    <line>
      <![CDATA[Fetching number of results from text]]>
    </line>
    <line>
      <![CDATA[Fetching number of results from Banners]]>
    </line>
    <line>
      <![CDATA[TC is passed]]>
    </line>
    <line>
      <![CDATA[Take screenshot]]>
    </line>
    <line>
      <![CDATA[Saved screenshot atC:\Users\DELL\Desktop\ChaitaliTestingNotes\ScreenShotPracticeCF_TC555_2024.01.26.16.41.04.png]]>
    </line>
    <line>
      <![CDATA[TC validateTestPlansFromTextAndBanners is completed successfully]]>
    </line>
    <line>
      <![CDATA[Closing Browser]]>
    </line>
    <line>
      <![CDATA[Launching Browser]]>
    </line>
    <line>
      <![CDATA[clicking on gender button]]>
    </line>
    <line>
      <![CDATA[clicking on next button]]>
    </line>
    <line>
      <![CDATA[Handeling age dropdown]]>
    </line>
    <line>
      <![CDATA[clicking on next button]]>
    </line>
    <line>
      <![CDATA[Entering pin code]]>
    </line>
    <line>
      <![CDATA[Enter]]>
    </line>
    <line>
      <![CDATA[Enter]]>
    </line>
    <line>
      <![CDATA[TC validatePincodeErrorMsg execution is started]]>
    </line>
    <line>
      <![CDATA[TC validatePincodeErrorMsg is completed successfully]]>
    </line>
    <line>
      <![CDATA[Closing Browser]]>
    </line>
  </reporter-output>
  <suite started-at="2024-01-26T16:40:23 IST" name="Suite" finished-at="2024-01-26T16:41:26 IST" duration-ms="62725">
    <groups>
    </groups>
    <test started-at="2024-01-26T16:40:23 IST" name="Test" finished-at="2024-01-26T16:41:26 IST" duration-ms="62725">
      <class name="coverFoxTest.CF_TC555_Validate_search_results_for_healthcare_policies">
        <test-method is-config="true" signature="launchBrowser()[pri:0, instance:coverFoxTest.CF_TC555_Validate_search_results_for_healthcare_policies@1e0b4072]" started-at="2024-01-26T16:40:23 IST" name="launchBrowser" finished-at="2024-01-26T16:40:33 IST" duration-ms="9378" status="PASS">
          <reporter-output>
            <line>
              <![CDATA[Launching Browser]]>
            </line>
          </reporter-output>
        </test-method> <!-- launchBrowser -->
        <test-method is-config="true" signature="enterMemberDetails()[pri:0, instance:coverFoxTest.CF_TC555_Validate_search_results_for_healthcare_policies@1e0b4072]" started-at="2024-01-26T16:40:33 IST" name="enterMemberDetails" finished-at="2024-01-26T16:40:41 IST" duration-ms="8393" status="PASS">
          <reporter-output>
            <line>
              <![CDATA[clicking on gender button]]>
            </line>
            <line>
              <![CDATA[clicking on next button]]>
            </line>
            <line>
              <![CDATA[Handeling age dropdown]]>
            </line>
            <line>
              <![CDATA[Reading data from excelSheet]]>
            </line>
            <line>
              <![CDATA[clicking on next button]]>
            </line>
            <line>
              <![CDATA[Entering pin code]]>
            </line>
            <line>
              <![CDATA[Reading data from excelSheet]]>
            </line>
            <line>
              <![CDATA[Enter]]>
            </line>
            <line>
              <![CDATA[Reading data from excelSheet]]>
            </line>
            <line>
              <![CDATA[Enter]]>
            </line>
          </reporter-output>
        </test-method> <!-- enterMemberDetails -->
        <test-method signature="validateTestPlansFromTextAndBanners()[pri:0, instance:coverFoxTest.CF_TC555_Validate_search_results_for_healthcare_policies@1e0b4072]" started-at="2024-01-26T16:40:41 IST" name="validateTestPlansFromTextAndBanners" finished-at="2024-01-26T16:41:04 IST" duration-ms="23461" status="PASS">
          <reporter-output>
            <line>
              <![CDATA[TC validateTestPlansFromTextAndBanners execution is started]]>
            </line>
            <line>
              <![CDATA[Fetching number of results from text]]>
            </line>
            <line>
              <![CDATA[Fetching number of results from Banners]]>
            </line>
            <line>
              <![CDATA[TC is passed]]>
            </line>
            <line>
              <![CDATA[Take screenshot]]>
            </line>
            <line>
              <![CDATA[Saved screenshot atC:\Users\DELL\Desktop\ChaitaliTestingNotes\ScreenShotPracticeCF_TC555_2024.01.26.16.41.04.png]]>
            </line>
            <line>
              <![CDATA[TC validateTestPlansFromTextAndBanners is completed successfully]]>
            </line>
          </reporter-output>
        </test-method> <!-- validateTestPlansFromTextAndBanners -->
        <test-method is-config="true" signature="closeBrowser()[pri:0, instance:coverFoxTest.CF_TC555_Validate_search_results_for_healthcare_policies@1e0b4072]" started-at="2024-01-26T16:41:04 IST" name="closeBrowser" finished-at="2024-01-26T16:41:10 IST" duration-ms="5741" status="PASS">
          <reporter-output>
            <line>
              <![CDATA[Closing Browser]]>
            </line>
          </reporter-output>
        </test-method> <!-- closeBrowser -->
      </class> <!-- coverFoxTest.CF_TC555_Validate_search_results_for_healthcare_policies -->
      <class name="coverFoxTest.CF_TC555_Validate_Error_Msg_for_healthcare_policies">
        <test-method is-config="true" signature="luanchBrowser()[pri:0, instance:coverFoxTest.CF_TC555_Validate_Error_Msg_for_healthcare_policies@13e344d]" started-at="2024-01-26T16:41:10 IST" name="luanchBrowser" finished-at="2024-01-26T16:41:16 IST" duration-ms="5690" status="PASS">
          <reporter-output>
            <line>
              <![CDATA[Launching Browser]]>
            </line>
          </reporter-output>
        </test-method> <!-- luanchBrowser -->
        <test-method is-config="true" signature="enterMemberDetails()[pri:0, instance:coverFoxTest.CF_TC555_Validate_Error_Msg_for_healthcare_policies@13e344d]" started-at="2024-01-26T16:41:16 IST" name="enterMemberDetails" finished-at="2024-01-26T16:41:22 IST" duration-ms="6101" status="PASS">
          <reporter-output>
            <line>
              <![CDATA[clicking on gender button]]>
            </line>
            <line>
              <![CDATA[clicking on next button]]>
            </line>
            <line>
              <![CDATA[Handeling age dropdown]]>
            </line>
            <line>
              <![CDATA[clicking on next button]]>
            </line>
            <line>
              <![CDATA[Entering pin code]]>
            </line>
            <line>
              <![CDATA[Enter]]>
            </line>
            <line>
              <![CDATA[Enter]]>
            </line>
          </reporter-output>
        </test-method> <!-- enterMemberDetails -->
        <test-method signature="validatePincodeErrorMsg()[pri:0, instance:coverFoxTest.CF_TC555_Validate_Error_Msg_for_healthcare_policies@13e344d]" started-at="2024-01-26T16:41:22 IST" name="validatePincodeErrorMsg" finished-at="2024-01-26T16:41:23 IST" duration-ms="1084" status="PASS">
          <reporter-output>
            <line>
              <![CDATA[TC validatePincodeErrorMsg execution is started]]>
            </line>
            <line>
              <![CDATA[TC validatePincodeErrorMsg is completed successfully]]>
            </line>
          </reporter-output>
        </test-method> <!-- validatePincodeErrorMsg -->
        <test-method is-config="true" signature="closeBrowser()[pri:0, instance:coverFoxTest.CF_TC555_Validate_Error_Msg_for_healthcare_policies@13e344d]" started-at="2024-01-26T16:41:23 IST" name="closeBrowser" finished-at="2024-01-26T16:41:26 IST" duration-ms="2771" status="PASS">
          <reporter-output>
            <line>
              <![CDATA[Closing Browser]]>
            </line>
          </reporter-output>
        </test-method> <!-- closeBrowser -->
      </class> <!-- coverFoxTest.CF_TC555_Validate_Error_Msg_for_healthcare_policies -->
    </test> <!-- Test -->
  </suite> <!-- Suite -->
</testng-results>
