<?xml version="1.0" encoding="UTF-8"?>
<!-- Generated by org.testng.reporters.JUnitXMLReporter -->
<testsuite ignored="0" hostname="DESKTOP-G592LK3" failures="0" tests="2" name="Test" time="62.725" errors="0" timestamp="2024-01-26T16:41:26 IST">
  <testcase classname="coverFoxTest.CF_TC555_Validate_search_results_for_healthcare_policies" name="validateTestPlansFromTextAndBanners" time="23.461"/>
  <testcase classname="coverFoxTest.CF_TC555_Validate_Error_Msg_for_healthcare_policies" name="validatePincodeErrorMsg" time="1.084"/>
</testsuite> <!-- Test -->
