<?xml version="1.0" encoding="UTF-8"?>
<testng-results ignored="0" total="1" passed="1" failed="0" skipped="0">
  <reporter-output>
    <line>
      <![CDATA[Launching Browser]]>
    </line>
    <line>
      <![CDATA[clicking on gender button]]>
    </line>
    <line>
      <![CDATA[clicking on next button]]>
    </line>
    <line>
      <![CDATA[Handeling age dropdown]]>
    </line>
    <line>
      <![CDATA[clicking on next button]]>
    </line>
    <line>
      <![CDATA[Entering pin code]]>
    </line>
    <line>
      <![CDATA[Enter]]>
    </line>
    <line>
      <![CDATA[Enter]]>
    </line>
    <line>
      <![CDATA[TC validatePincodeErrorMsg execution is started]]>
    </line>
    <line>
      <![CDATA[TC validatePincodeErrorMsg is completed successfully]]>
    </line>
    <line>
      <![CDATA[Closing Browser]]>
    </line>
  </reporter-output>
  <suite started-at="2024-01-27T14:13:43 IST" name="Default suite" finished-at="2024-01-27T14:14:09 IST" duration-ms="25900">
    <groups>
    </groups>
    <test started-at="2024-01-27T14:13:43 IST" name="Default test" finished-at="2024-01-27T14:14:09 IST" duration-ms="25900">
      <class name="coverFoxTest.CF_TC555_Validate_Error_Msg_for_healthcare_policies">
        <test-method is-config="true" signature="luanchBrowser()[pri:0, instance:coverFoxTest.CF_TC555_Validate_Error_Msg_for_healthcare_policies@54422e18]" started-at="2024-01-27T14:13:44 IST" name="luanchBrowser" finished-at="2024-01-27T14:13:58 IST" duration-ms="14090" status="PASS">
          <reporter-output>
            <line>
              <![CDATA[Launching Browser]]>
            </line>
          </reporter-output>
        </test-method> <!-- luanchBrowser -->
        <test-method is-config="true" signature="enterMemberDetails()[pri:0, instance:coverFoxTest.CF_TC555_Validate_Error_Msg_for_healthcare_policies@54422e18]" started-at="2024-01-27T14:13:58 IST" name="enterMemberDetails" finished-at="2024-01-27T14:14:05 IST" duration-ms="7014" status="PASS">
          <reporter-output>
            <line>
              <![CDATA[clicking on gender button]]>
            </line>
            <line>
              <![CDATA[clicking on next button]]>
            </line>
            <line>
              <![CDATA[Handeling age dropdown]]>
            </line>
            <line>
              <![CDATA[clicking on next button]]>
            </line>
            <line>
              <![CDATA[Entering pin code]]>
            </line>
            <line>
              <![CDATA[Enter]]>
            </line>
            <line>
              <![CDATA[Enter]]>
            </line>
          </reporter-output>
        </test-method> <!-- enterMemberDetails -->
        <test-method signature="validatePincodeErrorMsg()[pri:0, instance:coverFoxTest.CF_TC555_Validate_Error_Msg_for_healthcare_policies@54422e18]" started-at="2024-01-27T14:14:05 IST" name="validatePincodeErrorMsg" finished-at="2024-01-27T14:14:06 IST" duration-ms="1110" status="PASS">
          <reporter-output>
            <line>
              <![CDATA[TC validatePincodeErrorMsg execution is started]]>
            </line>
            <line>
              <![CDATA[TC validatePincodeErrorMsg is completed successfully]]>
            </line>
          </reporter-output>
        </test-method> <!-- validatePincodeErrorMsg -->
        <test-method is-config="true" signature="closeBrowser()[pri:0, instance:coverFoxTest.CF_TC555_Validate_Error_Msg_for_healthcare_policies@54422e18]" started-at="2024-01-27T14:14:06 IST" name="closeBrowser" finished-at="2024-01-27T14:14:09 IST" duration-ms="3575" status="PASS">
          <reporter-output>
            <line>
              <![CDATA[Closing Browser]]>
            </line>
          </reporter-output>
        </test-method> <!-- closeBrowser -->
      </class> <!-- coverFoxTest.CF_TC555_Validate_Error_Msg_for_healthcare_policies -->
    </test> <!-- Default test -->
  </suite> <!-- Default suite -->
</testng-results>
